| time  |reset|ARegister|DRegister|PC[]|RAM16K[16|RAM16K[17|
| 1     |  0  |      16 |       0 |   1|       0 |       0 |
| 2     |  0  |      16 |       0 |   2|       1 |       0 |
| 3     |  0  |      17 |       0 |   3|       1 |       0 |
| 4     |  0  |      17 |       0 |   4|       1 |       0 |
| 5     |  0  |      16 |       0 |   5|       1 |       0 |
| 6     |  0  |      16 |       1 |   6|       1 |       0 |
| 7     |  0  |     100 |       1 |   7|       1 |       0 |
| 8     |  0  |     100 |     -99 |   8|       1 |       0 |
| 9     |  0  |      18 |     -99 |   9|       1 |       0 |
| 10    |  0  |      18 |     -99 |  10|       1 |       0 |
| 11    |  0  |      16 |     -99 |  11|       1 |       0 |
| 12    |  0  |      16 |       1 |  12|       1 |       0 |
| 13    |  0  |      17 |       1 |  13|       1 |       0 |
| 14    |  0  |      17 |       1 |  14|       1 |       1 |
| 15    |  0  |      16 |       1 |  15|       1 |       1 |
| 16    |  0  |      16 |       1 |  16|       2 |       1 |
| 17    |  0  |       4 |       1 |  17|       2 |       1 |
| 18    |  0  |       4 |       1 |   4|       2 |       1 |
| 19    |  0  |      16 |       1 |   5|       2 |       1 |
| 20    |  0  |      16 |       2 |   6|       2 |       1 |
| 21    |  0  |     100 |       2 |   7|       2 |       1 |
| 22    |  0  |     100 |     -98 |   8|       2 |       1 |
| 23    |  0  |      18 |     -98 |   9|       2 |       1 |
| 24    |  0  |      18 |     -98 |  10|       2 |       1 |
| 25    |  0  |      16 |     -98 |  11|       2 |       1 |
| 26    |  0  |      16 |       2 |  12|       2 |       1 |
| 27    |  0  |      17 |       2 |  13|       2 |       1 |
| 28    |  0  |      17 |       2 |  14|       2 |       3 |
| 29    |  0  |      16 |       2 |  15|       2 |       3 |
| 30    |  0  |      16 |       2 |  16|       3 |       3 |
| 31    |  0  |       4 |       2 |  17|       3 |       3 |
| 32    |  0  |       4 |       2 |   4|       3 |       3 |
| 33    |  0  |      16 |       2 |   5|       3 |       3 |
| 34    |  0  |      16 |       3 |   6|       3 |       3 |
| 35    |  0  |     100 |       3 |   7|       3 |       3 |
| 36    |  0  |     100 |     -97 |   8|       3 |       3 |
| 37    |  0  |      18 |     -97 |   9|       3 |       3 |
| 38    |  0  |      18 |     -97 |  10|       3 |       3 |
| 39    |  0  |      16 |     -97 |  11|       3 |       3 |
| 40    |  0  |      16 |       3 |  12|       3 |       3 |
| 41    |  0  |      17 |       3 |  13|       3 |       3 |
| 42    |  0  |      17 |       3 |  14|       3 |       6 |
| 43    |  0  |      16 |       3 |  15|       3 |       6 |
| 44    |  0  |      16 |       3 |  16|       4 |       6 |
| 45    |  0  |       4 |       3 |  17|       4 |       6 |
| 46    |  0  |       4 |       3 |   4|       4 |       6 |
| 47    |  0  |      16 |       3 |   5|       4 |       6 |
| 48    |  0  |      16 |       4 |   6|       4 |       6 |
| 49    |  0  |     100 |       4 |   7|       4 |       6 |
| 50    |  0  |     100 |     -96 |   8|       4 |       6 |
| 51    |  0  |      18 |     -96 |   9|       4 |       6 |
| 52    |  0  |      18 |     -96 |  10|       4 |       6 |
| 53    |  0  |      16 |     -96 |  11|       4 |       6 |
| 54    |  0  |      16 |       4 |  12|       4 |       6 |
| 55    |  0  |      17 |       4 |  13|       4 |       6 |
| 56    |  0  |      17 |       4 |  14|       4 |      10 |
| 57    |  0  |      16 |       4 |  15|       4 |      10 |
| 58    |  0  |      16 |       4 |  16|       5 |      10 |
| 59    |  0  |       4 |       4 |  17|       5 |      10 |
| 60    |  0  |       4 |       4 |   4|       5 |      10 |
| 61    |  0  |      16 |       4 |   5|       5 |      10 |
| 62    |  0  |      16 |       5 |   6|       5 |      10 |
| 63    |  0  |     100 |       5 |   7|       5 |      10 |
| 64    |  0  |     100 |     -95 |   8|       5 |      10 |
| 65    |  0  |      18 |     -95 |   9|       5 |      10 |
| 66    |  0  |      18 |     -95 |  10|       5 |      10 |
| 67    |  0  |      16 |     -95 |  11|       5 |      10 |
| 68    |  0  |      16 |       5 |  12|       5 |      10 |
| 69    |  0  |      17 |       5 |  13|       5 |      10 |
| 70    |  0  |      17 |       5 |  14|       5 |      15 |
| 71    |  0  |      16 |       5 |  15|       5 |      15 |
| 72    |  0  |      16 |       5 |  16|       6 |      15 |
| 73    |  0  |       4 |       5 |  17|       6 |      15 |
| 74    |  0  |       4 |       5 |   4|       6 |      15 |
| 75    |  0  |      16 |       5 |   5|       6 |      15 |
| 76    |  0  |      16 |       6 |   6|       6 |      15 |
| 77    |  0  |     100 |       6 |   7|       6 |      15 |
| 78    |  0  |     100 |     -94 |   8|       6 |      15 |
| 79    |  0  |      18 |     -94 |   9|       6 |      15 |
| 80    |  0  |      18 |     -94 |  10|       6 |      15 |
| 81    |  0  |      16 |     -94 |  11|       6 |      15 |
| 82    |  0  |      16 |       6 |  12|       6 |      15 |
| 83    |  0  |      17 |       6 |  13|       6 |      15 |
| 84    |  0  |      17 |       6 |  14|       6 |      21 |
| 85    |  0  |      16 |       6 |  15|       6 |      21 |
| 86    |  0  |      16 |       6 |  16|       7 |      21 |
| 87    |  0  |       4 |       6 |  17|       7 |      21 |
| 88    |  0  |       4 |       6 |   4|       7 |      21 |
| 89    |  0  |      16 |       6 |   5|       7 |      21 |
| 90    |  0  |      16 |       7 |   6|       7 |      21 |
| 91    |  0  |     100 |       7 |   7|       7 |      21 |
| 92    |  0  |     100 |     -93 |   8|       7 |      21 |
| 93    |  0  |      18 |     -93 |   9|       7 |      21 |
| 94    |  0  |      18 |     -93 |  10|       7 |      21 |
| 95    |  0  |      16 |     -93 |  11|       7 |      21 |
| 96    |  0  |      16 |       7 |  12|       7 |      21 |
| 97    |  0  |      17 |       7 |  13|       7 |      21 |
| 98    |  0  |      17 |       7 |  14|       7 |      28 |
| 99    |  0  |      16 |       7 |  15|       7 |      28 |
| 100   |  0  |      16 |       7 |  16|       8 |      28 |
| 101   |  0  |       4 |       7 |  17|       8 |      28 |
| 102   |  0  |       4 |       7 |   4|       8 |      28 |
| 103   |  0  |      16 |       7 |   5|       8 |      28 |
| 104   |  0  |      16 |       8 |   6|       8 |      28 |
| 105   |  0  |     100 |       8 |   7|       8 |      28 |
| 106   |  0  |     100 |     -92 |   8|       8 |      28 |
| 107   |  0  |      18 |     -92 |   9|       8 |      28 |
| 108   |  0  |      18 |     -92 |  10|       8 |      28 |
| 109   |  0  |      16 |     -92 |  11|       8 |      28 |
| 110   |  0  |      16 |       8 |  12|       8 |      28 |
| 111   |  0  |      17 |       8 |  13|       8 |      28 |
| 112   |  0  |      17 |       8 |  14|       8 |      36 |
| 113   |  0  |      16 |       8 |  15|       8 |      36 |
| 114   |  0  |      16 |       8 |  16|       9 |      36 |
| 115   |  0  |       4 |       8 |  17|       9 |      36 |
| 116   |  0  |       4 |       8 |   4|       9 |      36 |
| 117   |  0  |      16 |       8 |   5|       9 |      36 |
| 118   |  0  |      16 |       9 |   6|       9 |      36 |
| 119   |  0  |     100 |       9 |   7|       9 |      36 |
| 120   |  0  |     100 |     -91 |   8|       9 |      36 |
| 121   |  0  |      18 |     -91 |   9|       9 |      36 |
| 122   |  0  |      18 |     -91 |  10|       9 |      36 |
| 123   |  0  |      16 |     -91 |  11|       9 |      36 |
| 124   |  0  |      16 |       9 |  12|       9 |      36 |
| 125   |  0  |      17 |       9 |  13|       9 |      36 |
| 126   |  0  |      17 |       9 |  14|       9 |      45 |
| 127   |  0  |      16 |       9 |  15|       9 |      45 |
| 128   |  0  |      16 |       9 |  16|      10 |      45 |
| 129   |  0  |       4 |       9 |  17|      10 |      45 |
| 130   |  0  |       4 |       9 |   4|      10 |      45 |
| 131   |  0  |      16 |       9 |   5|      10 |      45 |
| 132   |  0  |      16 |      10 |   6|      10 |      45 |
| 133   |  0  |     100 |      10 |   7|      10 |      45 |
| 134   |  0  |     100 |     -90 |   8|      10 |      45 |
| 135   |  0  |      18 |     -90 |   9|      10 |      45 |
| 136   |  0  |      18 |     -90 |  10|      10 |      45 |
| 137   |  0  |      16 |     -90 |  11|      10 |      45 |
| 138   |  0  |      16 |      10 |  12|      10 |      45 |
| 139   |  0  |      17 |      10 |  13|      10 |      45 |
| 140   |  0  |      17 |      10 |  14|      10 |      55 |
| 141   |  0  |      16 |      10 |  15|      10 |      55 |
| 142   |  0  |      16 |      10 |  16|      11 |      55 |
| 143   |  0  |       4 |      10 |  17|      11 |      55 |
| 144   |  0  |       4 |      10 |   4|      11 |      55 |
| 145   |  0  |      16 |      10 |   5|      11 |      55 |
| 146   |  0  |      16 |      11 |   6|      11 |      55 |
| 147   |  0  |     100 |      11 |   7|      11 |      55 |
| 148   |  0  |     100 |     -89 |   8|      11 |      55 |
| 149   |  0  |      18 |     -89 |   9|      11 |      55 |
| 150   |  0  |      18 |     -89 |  10|      11 |      55 |
| 151   |  0  |      16 |     -89 |  11|      11 |      55 |
| 152   |  0  |      16 |      11 |  12|      11 |      55 |
| 153   |  0  |      17 |      11 |  13|      11 |      55 |
| 154   |  0  |      17 |      11 |  14|      11 |      66 |
| 155   |  0  |      16 |      11 |  15|      11 |      66 |
| 156   |  0  |      16 |      11 |  16|      12 |      66 |
| 157   |  0  |       4 |      11 |  17|      12 |      66 |
| 158   |  0  |       4 |      11 |   4|      12 |      66 |
| 159   |  0  |      16 |      11 |   5|      12 |      66 |
| 160   |  0  |      16 |      12 |   6|      12 |      66 |
| 161   |  0  |     100 |      12 |   7|      12 |      66 |
| 162   |  0  |     100 |     -88 |   8|      12 |      66 |
| 163   |  0  |      18 |     -88 |   9|      12 |      66 |
| 164   |  0  |      18 |     -88 |  10|      12 |      66 |
| 165   |  0  |      16 |     -88 |  11|      12 |      66 |
| 166   |  0  |      16 |      12 |  12|      12 |      66 |
| 167   |  0  |      17 |      12 |  13|      12 |      66 |
| 168   |  0  |      17 |      12 |  14|      12 |      78 |
| 169   |  0  |      16 |      12 |  15|      12 |      78 |
| 170   |  0  |      16 |      12 |  16|      13 |      78 |
| 171   |  0  |       4 |      12 |  17|      13 |      78 |
| 172   |  0  |       4 |      12 |   4|      13 |      78 |
| 173   |  0  |      16 |      12 |   5|      13 |      78 |
| 174   |  0  |      16 |      13 |   6|      13 |      78 |
| 175   |  0  |     100 |      13 |   7|      13 |      78 |
| 176   |  0  |     100 |     -87 |   8|      13 |      78 |
| 177   |  0  |      18 |     -87 |   9|      13 |      78 |
| 178   |  0  |      18 |     -87 |  10|      13 |      78 |
| 179   |  0  |      16 |     -87 |  11|      13 |      78 |
| 180   |  0  |      16 |      13 |  12|      13 |      78 |
| 181   |  0  |      17 |      13 |  13|      13 |      78 |
| 182   |  0  |      17 |      13 |  14|      13 |      91 |
| 183   |  0  |      16 |      13 |  15|      13 |      91 |
| 184   |  0  |      16 |      13 |  16|      14 |      91 |
| 185   |  0  |       4 |      13 |  17|      14 |      91 |
| 186   |  0  |       4 |      13 |   4|      14 |      91 |
| 187   |  0  |      16 |      13 |   5|      14 |      91 |
| 188   |  0  |      16 |      14 |   6|      14 |      91 |
| 189   |  0  |     100 |      14 |   7|      14 |      91 |
| 190   |  0  |     100 |     -86 |   8|      14 |      91 |
| 191   |  0  |      18 |     -86 |   9|      14 |      91 |
| 192   |  0  |      18 |     -86 |  10|      14 |      91 |
| 193   |  0  |      16 |     -86 |  11|      14 |      91 |
| 194   |  0  |      16 |      14 |  12|      14 |      91 |
| 195   |  0  |      17 |      14 |  13|      14 |      91 |
| 196   |  0  |      17 |      14 |  14|      14 |     105 |
| 197   |  0  |      16 |      14 |  15|      14 |     105 |
| 198   |  0  |      16 |      14 |  16|      15 |     105 |
| 199   |  0  |       4 |      14 |  17|      15 |     105 |
| 200   |  0  |       4 |      14 |   4|      15 |     105 |
| 201   |  0  |      16 |      14 |   5|      15 |     105 |
| 202   |  0  |      16 |      15 |   6|      15 |     105 |
| 203   |  0  |     100 |      15 |   7|      15 |     105 |
| 204   |  0  |     100 |     -85 |   8|      15 |     105 |
| 205   |  0  |      18 |     -85 |   9|      15 |     105 |
| 206   |  0  |      18 |     -85 |  10|      15 |     105 |
| 207   |  0  |      16 |     -85 |  11|      15 |     105 |
| 208   |  0  |      16 |      15 |  12|      15 |     105 |
| 209   |  0  |      17 |      15 |  13|      15 |     105 |
| 210   |  0  |      17 |      15 |  14|      15 |     120 |
| 211   |  0  |      16 |      15 |  15|      15 |     120 |
| 212   |  0  |      16 |      15 |  16|      16 |     120 |
| 213   |  0  |       4 |      15 |  17|      16 |     120 |
| 214   |  0  |       4 |      15 |   4|      16 |     120 |
| 215   |  0  |      16 |      15 |   5|      16 |     120 |
| 216   |  0  |      16 |      16 |   6|      16 |     120 |
| 217   |  0  |     100 |      16 |   7|      16 |     120 |
| 218   |  0  |     100 |     -84 |   8|      16 |     120 |
| 219   |  0  |      18 |     -84 |   9|      16 |     120 |
| 220   |  0  |      18 |     -84 |  10|      16 |     120 |
| 221   |  0  |      16 |     -84 |  11|      16 |     120 |
| 222   |  0  |      16 |      16 |  12|      16 |     120 |
| 223   |  0  |      17 |      16 |  13|      16 |     120 |
| 224   |  0  |      17 |      16 |  14|      16 |     136 |
| 225   |  0  |      16 |      16 |  15|      16 |     136 |
| 226   |  0  |      16 |      16 |  16|      17 |     136 |
| 227   |  0  |       4 |      16 |  17|      17 |     136 |
| 228   |  0  |       4 |      16 |   4|      17 |     136 |
| 229   |  0  |      16 |      16 |   5|      17 |     136 |
| 230   |  0  |      16 |      17 |   6|      17 |     136 |
| 231   |  0  |     100 |      17 |   7|      17 |     136 |
| 232   |  0  |     100 |     -83 |   8|      17 |     136 |
| 233   |  0  |      18 |     -83 |   9|      17 |     136 |
| 234   |  0  |      18 |     -83 |  10|      17 |     136 |
| 235   |  0  |      16 |     -83 |  11|      17 |     136 |
| 236   |  0  |      16 |      17 |  12|      17 |     136 |
| 237   |  0  |      17 |      17 |  13|      17 |     136 |
| 238   |  0  |      17 |      17 |  14|      17 |     153 |
| 239   |  0  |      16 |      17 |  15|      17 |     153 |
| 240   |  0  |      16 |      17 |  16|      18 |     153 |
| 241   |  0  |       4 |      17 |  17|      18 |     153 |
| 242   |  0  |       4 |      17 |   4|      18 |     153 |
| 243   |  0  |      16 |      17 |   5|      18 |     153 |
| 244   |  0  |      16 |      18 |   6|      18 |     153 |
| 245   |  0  |     100 |      18 |   7|      18 |     153 |
| 246   |  0  |     100 |     -82 |   8|      18 |     153 |
| 247   |  0  |      18 |     -82 |   9|      18 |     153 |
| 248   |  0  |      18 |     -82 |  10|      18 |     153 |
| 249   |  0  |      16 |     -82 |  11|      18 |     153 |
| 250   |  0  |      16 |      18 |  12|      18 |     153 |
| 251   |  0  |      17 |      18 |  13|      18 |     153 |
| 252   |  0  |      17 |      18 |  14|      18 |     171 |
| 253   |  0  |      16 |      18 |  15|      18 |     171 |
| 254   |  0  |      16 |      18 |  16|      19 |     171 |
| 255   |  0  |       4 |      18 |  17|      19 |     171 |
| 256   |  0  |       4 |      18 |   4|      19 |     171 |
| 257   |  0  |      16 |      18 |   5|      19 |     171 |
| 258   |  0  |      16 |      19 |   6|      19 |     171 |
| 259   |  0  |     100 |      19 |   7|      19 |     171 |
| 260   |  0  |     100 |     -81 |   8|      19 |     171 |
| 261   |  0  |      18 |     -81 |   9|      19 |     171 |
| 262   |  0  |      18 |     -81 |  10|      19 |     171 |
| 263   |  0  |      16 |     -81 |  11|      19 |     171 |
| 264   |  0  |      16 |      19 |  12|      19 |     171 |
| 265   |  0  |      17 |      19 |  13|      19 |     171 |
| 266   |  0  |      17 |      19 |  14|      19 |     190 |
| 267   |  0  |      16 |      19 |  15|      19 |     190 |
| 268   |  0  |      16 |      19 |  16|      20 |     190 |
| 269   |  0  |       4 |      19 |  17|      20 |     190 |
| 270   |  0  |       4 |      19 |   4|      20 |     190 |
| 271   |  0  |      16 |      19 |   5|      20 |     190 |
| 272   |  0  |      16 |      20 |   6|      20 |     190 |
| 273   |  0  |     100 |      20 |   7|      20 |     190 |
| 274   |  0  |     100 |     -80 |   8|      20 |     190 |
| 275   |  0  |      18 |     -80 |   9|      20 |     190 |
| 276   |  0  |      18 |     -80 |  10|      20 |     190 |
| 277   |  0  |      16 |     -80 |  11|      20 |     190 |
| 278   |  0  |      16 |      20 |  12|      20 |     190 |
| 279   |  0  |      17 |      20 |  13|      20 |     190 |
| 280   |  0  |      17 |      20 |  14|      20 |     210 |
| 281   |  0  |      16 |      20 |  15|      20 |     210 |
| 282   |  0  |      16 |      20 |  16|      21 |     210 |
| 283   |  0  |       4 |      20 |  17|      21 |     210 |
| 284   |  0  |       4 |      20 |   4|      21 |     210 |
| 285   |  0  |      16 |      20 |   5|      21 |     210 |
| 286   |  0  |      16 |      21 |   6|      21 |     210 |
| 287   |  0  |     100 |      21 |   7|      21 |     210 |
| 288   |  0  |     100 |     -79 |   8|      21 |     210 |
| 289   |  0  |      18 |     -79 |   9|      21 |     210 |
| 290   |  0  |      18 |     -79 |  10|      21 |     210 |
| 291   |  0  |      16 |     -79 |  11|      21 |     210 |
| 292   |  0  |      16 |      21 |  12|      21 |     210 |
| 293   |  0  |      17 |      21 |  13|      21 |     210 |
| 294   |  0  |      17 |      21 |  14|      21 |     231 |
| 295   |  0  |      16 |      21 |  15|      21 |     231 |
| 296   |  0  |      16 |      21 |  16|      22 |     231 |
| 297   |  0  |       4 |      21 |  17|      22 |     231 |
| 298   |  0  |       4 |      21 |   4|      22 |     231 |
| 299   |  0  |      16 |      21 |   5|      22 |     231 |
| 300   |  0  |      16 |      22 |   6|      22 |     231 |
| 301   |  0  |     100 |      22 |   7|      22 |     231 |
| 302   |  0  |     100 |     -78 |   8|      22 |     231 |
| 303   |  0  |      18 |     -78 |   9|      22 |     231 |
| 304   |  0  |      18 |     -78 |  10|      22 |     231 |
| 305   |  0  |      16 |     -78 |  11|      22 |     231 |
| 306   |  0  |      16 |      22 |  12|      22 |     231 |
| 307   |  0  |      17 |      22 |  13|      22 |     231 |
| 308   |  0  |      17 |      22 |  14|      22 |     253 |
| 309   |  0  |      16 |      22 |  15|      22 |     253 |
| 310   |  0  |      16 |      22 |  16|      23 |     253 |
| 311   |  0  |       4 |      22 |  17|      23 |     253 |
| 312   |  0  |       4 |      22 |   4|      23 |     253 |
| 313   |  0  |      16 |      22 |   5|      23 |     253 |
| 314   |  0  |      16 |      23 |   6|      23 |     253 |
| 315   |  0  |     100 |      23 |   7|      23 |     253 |
| 316   |  0  |     100 |     -77 |   8|      23 |     253 |
| 317   |  0  |      18 |     -77 |   9|      23 |     253 |
| 318   |  0  |      18 |     -77 |  10|      23 |     253 |
| 319   |  0  |      16 |     -77 |  11|      23 |     253 |
| 320   |  0  |      16 |      23 |  12|      23 |     253 |
| 321   |  0  |      17 |      23 |  13|      23 |     253 |
| 322   |  0  |      17 |      23 |  14|      23 |     276 |
| 323   |  0  |      16 |      23 |  15|      23 |     276 |
| 324   |  0  |      16 |      23 |  16|      24 |     276 |
| 325   |  0  |       4 |      23 |  17|      24 |     276 |
| 326   |  0  |       4 |      23 |   4|      24 |     276 |
| 327   |  0  |      16 |      23 |   5|      24 |     276 |
| 328   |  0  |      16 |      24 |   6|      24 |     276 |
| 329   |  0  |     100 |      24 |   7|      24 |     276 |
| 330   |  0  |     100 |     -76 |   8|      24 |     276 |
| 331   |  0  |      18 |     -76 |   9|      24 |     276 |
| 332   |  0  |      18 |     -76 |  10|      24 |     276 |
| 333   |  0  |      16 |     -76 |  11|      24 |     276 |
| 334   |  0  |      16 |      24 |  12|      24 |     276 |
| 335   |  0  |      17 |      24 |  13|      24 |     276 |
| 336   |  0  |      17 |      24 |  14|      24 |     300 |
| 337   |  0  |      16 |      24 |  15|      24 |     300 |
| 338   |  0  |      16 |      24 |  16|      25 |     300 |
| 339   |  0  |       4 |      24 |  17|      25 |     300 |
| 340   |  0  |       4 |      24 |   4|      25 |     300 |
| 341   |  0  |      16 |      24 |   5|      25 |     300 |
| 342   |  0  |      16 |      25 |   6|      25 |     300 |
| 343   |  0  |     100 |      25 |   7|      25 |     300 |
| 344   |  0  |     100 |     -75 |   8|      25 |     300 |
| 345   |  0  |      18 |     -75 |   9|      25 |     300 |
| 346   |  0  |      18 |     -75 |  10|      25 |     300 |
| 347   |  0  |      16 |     -75 |  11|      25 |     300 |
| 348   |  0  |      16 |      25 |  12|      25 |     300 |
| 349   |  0  |      17 |      25 |  13|      25 |     300 |
| 350   |  0  |      17 |      25 |  14|      25 |     325 |
| 351   |  0  |      16 |      25 |  15|      25 |     325 |
| 352   |  0  |      16 |      25 |  16|      26 |     325 |
| 353   |  0  |       4 |      25 |  17|      26 |     325 |
| 354   |  0  |       4 |      25 |   4|      26 |     325 |
| 355   |  0  |      16 |      25 |   5|      26 |     325 |
| 356   |  0  |      16 |      26 |   6|      26 |     325 |
| 357   |  0  |     100 |      26 |   7|      26 |     325 |
| 358   |  0  |     100 |     -74 |   8|      26 |     325 |
| 359   |  0  |      18 |     -74 |   9|      26 |     325 |
| 360   |  0  |      18 |     -74 |  10|      26 |     325 |
| 361   |  0  |      16 |     -74 |  11|      26 |     325 |
| 362   |  0  |      16 |      26 |  12|      26 |     325 |
| 363   |  0  |      17 |      26 |  13|      26 |     325 |
| 364   |  0  |      17 |      26 |  14|      26 |     351 |
| 365   |  0  |      16 |      26 |  15|      26 |     351 |
| 366   |  0  |      16 |      26 |  16|      27 |     351 |
| 367   |  0  |       4 |      26 |  17|      27 |     351 |
| 368   |  0  |       4 |      26 |   4|      27 |     351 |
| 369   |  0  |      16 |      26 |   5|      27 |     351 |
| 370   |  0  |      16 |      27 |   6|      27 |     351 |
| 371   |  0  |     100 |      27 |   7|      27 |     351 |
| 372   |  0  |     100 |     -73 |   8|      27 |     351 |
| 373   |  0  |      18 |     -73 |   9|      27 |     351 |
| 374   |  0  |      18 |     -73 |  10|      27 |     351 |
| 375   |  0  |      16 |     -73 |  11|      27 |     351 |
| 376   |  0  |      16 |      27 |  12|      27 |     351 |
| 377   |  0  |      17 |      27 |  13|      27 |     351 |
| 378   |  0  |      17 |      27 |  14|      27 |     378 |
| 379   |  0  |      16 |      27 |  15|      27 |     378 |
| 380   |  0  |      16 |      27 |  16|      28 |     378 |
| 381   |  0  |       4 |      27 |  17|      28 |     378 |
| 382   |  0  |       4 |      27 |   4|      28 |     378 |
| 383   |  0  |      16 |      27 |   5|      28 |     378 |
| 384   |  0  |      16 |      28 |   6|      28 |     378 |
| 385   |  0  |     100 |      28 |   7|      28 |     378 |
| 386   |  0  |     100 |     -72 |   8|      28 |     378 |
| 387   |  0  |      18 |     -72 |   9|      28 |     378 |
| 388   |  0  |      18 |     -72 |  10|      28 |     378 |
| 389   |  0  |      16 |     -72 |  11|      28 |     378 |
| 390   |  0  |      16 |      28 |  12|      28 |     378 |
| 391   |  0  |      17 |      28 |  13|      28 |     378 |
| 392   |  0  |      17 |      28 |  14|      28 |     406 |
| 393   |  0  |      16 |      28 |  15|      28 |     406 |
| 394   |  0  |      16 |      28 |  16|      29 |     406 |
| 395   |  0  |       4 |      28 |  17|      29 |     406 |
| 396   |  0  |       4 |      28 |   4|      29 |     406 |
| 397   |  0  |      16 |      28 |   5|      29 |     406 |
| 398   |  0  |      16 |      29 |   6|      29 |     406 |
| 399   |  0  |     100 |      29 |   7|      29 |     406 |
| 400   |  0  |     100 |     -71 |   8|      29 |     406 |
| 401   |  0  |      18 |     -71 |   9|      29 |     406 |
| 402   |  0  |      18 |     -71 |  10|      29 |     406 |
| 403   |  0  |      16 |     -71 |  11|      29 |     406 |
| 404   |  0  |      16 |      29 |  12|      29 |     406 |
| 405   |  0  |      17 |      29 |  13|      29 |     406 |
| 406   |  0  |      17 |      29 |  14|      29 |     435 |
| 407   |  0  |      16 |      29 |  15|      29 |     435 |
| 408   |  0  |      16 |      29 |  16|      30 |     435 |
| 409   |  0  |       4 |      29 |  17|      30 |     435 |
| 410   |  0  |       4 |      29 |   4|      30 |     435 |
| 411   |  0  |      16 |      29 |   5|      30 |     435 |
| 412   |  0  |      16 |      30 |   6|      30 |     435 |
| 413   |  0  |     100 |      30 |   7|      30 |     435 |
| 414   |  0  |     100 |     -70 |   8|      30 |     435 |
| 415   |  0  |      18 |     -70 |   9|      30 |     435 |
| 416   |  0  |      18 |     -70 |  10|      30 |     435 |
| 417   |  0  |      16 |     -70 |  11|      30 |     435 |
| 418   |  0  |      16 |      30 |  12|      30 |     435 |
| 419   |  0  |      17 |      30 |  13|      30 |     435 |
| 420   |  0  |      17 |      30 |  14|      30 |     465 |
| 421   |  0  |      16 |      30 |  15|      30 |     465 |
| 422   |  0  |      16 |      30 |  16|      31 |     465 |
| 423   |  0  |       4 |      30 |  17|      31 |     465 |
| 424   |  0  |       4 |      30 |   4|      31 |     465 |
| 425   |  0  |      16 |      30 |   5|      31 |     465 |
| 426   |  0  |      16 |      31 |   6|      31 |     465 |
| 427   |  0  |     100 |      31 |   7|      31 |     465 |
| 428   |  0  |     100 |     -69 |   8|      31 |     465 |
| 429   |  0  |      18 |     -69 |   9|      31 |     465 |
| 430   |  0  |      18 |     -69 |  10|      31 |     465 |
| 431   |  0  |      16 |     -69 |  11|      31 |     465 |
| 432   |  0  |      16 |      31 |  12|      31 |     465 |
| 433   |  0  |      17 |      31 |  13|      31 |     465 |
| 434   |  0  |      17 |      31 |  14|      31 |     496 |
| 435   |  0  |      16 |      31 |  15|      31 |     496 |
| 436   |  0  |      16 |      31 |  16|      32 |     496 |
| 437   |  0  |       4 |      31 |  17|      32 |     496 |
| 438   |  0  |       4 |      31 |   4|      32 |     496 |
| 439   |  0  |      16 |      31 |   5|      32 |     496 |
| 440   |  0  |      16 |      32 |   6|      32 |     496 |
| 441   |  0  |     100 |      32 |   7|      32 |     496 |
| 442   |  0  |     100 |     -68 |   8|      32 |     496 |
| 443   |  0  |      18 |     -68 |   9|      32 |     496 |
| 444   |  0  |      18 |     -68 |  10|      32 |     496 |
| 445   |  0  |      16 |     -68 |  11|      32 |     496 |
| 446   |  0  |      16 |      32 |  12|      32 |     496 |
| 447   |  0  |      17 |      32 |  13|      32 |     496 |
| 448   |  0  |      17 |      32 |  14|      32 |     528 |
| 449   |  0  |      16 |      32 |  15|      32 |     528 |
| 450   |  0  |      16 |      32 |  16|      33 |     528 |
| 451   |  0  |       4 |      32 |  17|      33 |     528 |
| 452   |  0  |       4 |      32 |   4|      33 |     528 |
| 453   |  0  |      16 |      32 |   5|      33 |     528 |
| 454   |  0  |      16 |      33 |   6|      33 |     528 |
| 455   |  0  |     100 |      33 |   7|      33 |     528 |
| 456   |  0  |     100 |     -67 |   8|      33 |     528 |
| 457   |  0  |      18 |     -67 |   9|      33 |     528 |
| 458   |  0  |      18 |     -67 |  10|      33 |     528 |
| 459   |  0  |      16 |     -67 |  11|      33 |     528 |
| 460   |  0  |      16 |      33 |  12|      33 |     528 |
| 461   |  0  |      17 |      33 |  13|      33 |     528 |
| 462   |  0  |      17 |      33 |  14|      33 |     561 |
| 463   |  0  |      16 |      33 |  15|      33 |     561 |
| 464   |  0  |      16 |      33 |  16|      34 |     561 |
| 465   |  0  |       4 |      33 |  17|      34 |     561 |
| 466   |  0  |       4 |      33 |   4|      34 |     561 |
| 467   |  0  |      16 |      33 |   5|      34 |     561 |
| 468   |  0  |      16 |      34 |   6|      34 |     561 |
| 469   |  0  |     100 |      34 |   7|      34 |     561 |
| 470   |  0  |     100 |     -66 |   8|      34 |     561 |
| 471   |  0  |      18 |     -66 |   9|      34 |     561 |
| 472   |  0  |      18 |     -66 |  10|      34 |     561 |
| 473   |  0  |      16 |     -66 |  11|      34 |     561 |
| 474   |  0  |      16 |      34 |  12|      34 |     561 |
| 475   |  0  |      17 |      34 |  13|      34 |     561 |
| 476   |  0  |      17 |      34 |  14|      34 |     595 |
| 477   |  0  |      16 |      34 |  15|      34 |     595 |
| 478   |  0  |      16 |      34 |  16|      35 |     595 |
| 479   |  0  |       4 |      34 |  17|      35 |     595 |
| 480   |  0  |       4 |      34 |   4|      35 |     595 |
| 481   |  0  |      16 |      34 |   5|      35 |     595 |
| 482   |  0  |      16 |      35 |   6|      35 |     595 |
| 483   |  0  |     100 |      35 |   7|      35 |     595 |
| 484   |  0  |     100 |     -65 |   8|      35 |     595 |
| 485   |  0  |      18 |     -65 |   9|      35 |     595 |
| 486   |  0  |      18 |     -65 |  10|      35 |     595 |
| 487   |  0  |      16 |     -65 |  11|      35 |     595 |
| 488   |  0  |      16 |      35 |  12|      35 |     595 |
| 489   |  0  |      17 |      35 |  13|      35 |     595 |
| 490   |  0  |      17 |      35 |  14|      35 |     630 |
| 491   |  0  |      16 |      35 |  15|      35 |     630 |
| 492   |  0  |      16 |      35 |  16|      36 |     630 |
| 493   |  0  |       4 |      35 |  17|      36 |     630 |
| 494   |  0  |       4 |      35 |   4|      36 |     630 |
| 495   |  0  |      16 |      35 |   5|      36 |     630 |
| 496   |  0  |      16 |      36 |   6|      36 |     630 |
| 497   |  0  |     100 |      36 |   7|      36 |     630 |
| 498   |  0  |     100 |     -64 |   8|      36 |     630 |
| 499   |  0  |      18 |     -64 |   9|      36 |     630 |
| 500   |  0  |      18 |     -64 |  10|      36 |     630 |
| 501   |  0  |      16 |     -64 |  11|      36 |     630 |
| 502   |  0  |      16 |      36 |  12|      36 |     630 |
| 503   |  0  |      17 |      36 |  13|      36 |     630 |
| 504   |  0  |      17 |      36 |  14|      36 |     666 |
| 505   |  0  |      16 |      36 |  15|      36 |     666 |
| 506   |  0  |      16 |      36 |  16|      37 |     666 |
| 507   |  0  |       4 |      36 |  17|      37 |     666 |
| 508   |  0  |       4 |      36 |   4|      37 |     666 |
| 509   |  0  |      16 |      36 |   5|      37 |     666 |
| 510   |  0  |      16 |      37 |   6|      37 |     666 |
| 511   |  0  |     100 |      37 |   7|      37 |     666 |
| 512   |  0  |     100 |     -63 |   8|      37 |     666 |
| 513   |  0  |      18 |     -63 |   9|      37 |     666 |
| 514   |  0  |      18 |     -63 |  10|      37 |     666 |
| 515   |  0  |      16 |     -63 |  11|      37 |     666 |
| 516   |  0  |      16 |      37 |  12|      37 |     666 |
| 517   |  0  |      17 |      37 |  13|      37 |     666 |
| 518   |  0  |      17 |      37 |  14|      37 |     703 |
| 519   |  0  |      16 |      37 |  15|      37 |     703 |
| 520   |  0  |      16 |      37 |  16|      38 |     703 |
| 521   |  0  |       4 |      37 |  17|      38 |     703 |
| 522   |  0  |       4 |      37 |   4|      38 |     703 |
| 523   |  0  |      16 |      37 |   5|      38 |     703 |
| 524   |  0  |      16 |      38 |   6|      38 |     703 |
| 525   |  0  |     100 |      38 |   7|      38 |     703 |
| 526   |  0  |     100 |     -62 |   8|      38 |     703 |
| 527   |  0  |      18 |     -62 |   9|      38 |     703 |
| 528   |  0  |      18 |     -62 |  10|      38 |     703 |
| 529   |  0  |      16 |     -62 |  11|      38 |     703 |
| 530   |  0  |      16 |      38 |  12|      38 |     703 |
| 531   |  0  |      17 |      38 |  13|      38 |     703 |
| 532   |  0  |      17 |      38 |  14|      38 |     741 |
| 533   |  0  |      16 |      38 |  15|      38 |     741 |
| 534   |  0  |      16 |      38 |  16|      39 |     741 |
| 535   |  0  |       4 |      38 |  17|      39 |     741 |
| 536   |  0  |       4 |      38 |   4|      39 |     741 |
| 537   |  0  |      16 |      38 |   5|      39 |     741 |
| 538   |  0  |      16 |      39 |   6|      39 |     741 |
| 539   |  0  |     100 |      39 |   7|      39 |     741 |
| 540   |  0  |     100 |     -61 |   8|      39 |     741 |
| 541   |  0  |      18 |     -61 |   9|      39 |     741 |
| 542   |  0  |      18 |     -61 |  10|      39 |     741 |
| 543   |  0  |      16 |     -61 |  11|      39 |     741 |
| 544   |  0  |      16 |      39 |  12|      39 |     741 |
| 545   |  0  |      17 |      39 |  13|      39 |     741 |
| 546   |  0  |      17 |      39 |  14|      39 |     780 |
| 547   |  0  |      16 |      39 |  15|      39 |     780 |
| 548   |  0  |      16 |      39 |  16|      40 |     780 |
| 549   |  0  |       4 |      39 |  17|      40 |     780 |
| 550   |  0  |       4 |      39 |   4|      40 |     780 |
| 551   |  0  |      16 |      39 |   5|      40 |     780 |
| 552   |  0  |      16 |      40 |   6|      40 |     780 |
| 553   |  0  |     100 |      40 |   7|      40 |     780 |
| 554   |  0  |     100 |     -60 |   8|      40 |     780 |
| 555   |  0  |      18 |     -60 |   9|      40 |     780 |
| 556   |  0  |      18 |     -60 |  10|      40 |     780 |
| 557   |  0  |      16 |     -60 |  11|      40 |     780 |
| 558   |  0  |      16 |      40 |  12|      40 |     780 |
| 559   |  0  |      17 |      40 |  13|      40 |     780 |
| 560   |  0  |      17 |      40 |  14|      40 |     820 |
| 561   |  0  |      16 |      40 |  15|      40 |     820 |
| 562   |  0  |      16 |      40 |  16|      41 |     820 |
| 563   |  0  |       4 |      40 |  17|      41 |     820 |
| 564   |  0  |       4 |      40 |   4|      41 |     820 |
| 565   |  0  |      16 |      40 |   5|      41 |     820 |
| 566   |  0  |      16 |      41 |   6|      41 |     820 |
| 567   |  0  |     100 |      41 |   7|      41 |     820 |
| 568   |  0  |     100 |     -59 |   8|      41 |     820 |
| 569   |  0  |      18 |     -59 |   9|      41 |     820 |
| 570   |  0  |      18 |     -59 |  10|      41 |     820 |
| 571   |  0  |      16 |     -59 |  11|      41 |     820 |
| 572   |  0  |      16 |      41 |  12|      41 |     820 |
| 573   |  0  |      17 |      41 |  13|      41 |     820 |
| 574   |  0  |      17 |      41 |  14|      41 |     861 |
| 575   |  0  |      16 |      41 |  15|      41 |     861 |
| 576   |  0  |      16 |      41 |  16|      42 |     861 |
| 577   |  0  |       4 |      41 |  17|      42 |     861 |
| 578   |  0  |       4 |      41 |   4|      42 |     861 |
| 579   |  0  |      16 |      41 |   5|      42 |     861 |
| 580   |  0  |      16 |      42 |   6|      42 |     861 |
| 581   |  0  |     100 |      42 |   7|      42 |     861 |
| 582   |  0  |     100 |     -58 |   8|      42 |     861 |
| 583   |  0  |      18 |     -58 |   9|      42 |     861 |
| 584   |  0  |      18 |     -58 |  10|      42 |     861 |
| 585   |  0  |      16 |     -58 |  11|      42 |     861 |
| 586   |  0  |      16 |      42 |  12|      42 |     861 |
| 587   |  0  |      17 |      42 |  13|      42 |     861 |
| 588   |  0  |      17 |      42 |  14|      42 |     903 |
| 589   |  0  |      16 |      42 |  15|      42 |     903 |
| 590   |  0  |      16 |      42 |  16|      43 |     903 |
| 591   |  0  |       4 |      42 |  17|      43 |     903 |
| 592   |  0  |       4 |      42 |   4|      43 |     903 |
| 593   |  0  |      16 |      42 |   5|      43 |     903 |
| 594   |  0  |      16 |      43 |   6|      43 |     903 |
| 595   |  0  |     100 |      43 |   7|      43 |     903 |
| 596   |  0  |     100 |     -57 |   8|      43 |     903 |
| 597   |  0  |      18 |     -57 |   9|      43 |     903 |
| 598   |  0  |      18 |     -57 |  10|      43 |     903 |
| 599   |  0  |      16 |     -57 |  11|      43 |     903 |
| 600   |  0  |      16 |      43 |  12|      43 |     903 |
| 601   |  0  |      17 |      43 |  13|      43 |     903 |
| 602   |  0  |      17 |      43 |  14|      43 |     946 |
| 603   |  0  |      16 |      43 |  15|      43 |     946 |
| 604   |  0  |      16 |      43 |  16|      44 |     946 |
| 605   |  0  |       4 |      43 |  17|      44 |     946 |
| 606   |  0  |       4 |      43 |   4|      44 |     946 |
| 607   |  0  |      16 |      43 |   5|      44 |     946 |
| 608   |  0  |      16 |      44 |   6|      44 |     946 |
| 609   |  0  |     100 |      44 |   7|      44 |     946 |
| 610   |  0  |     100 |     -56 |   8|      44 |     946 |
| 611   |  0  |      18 |     -56 |   9|      44 |     946 |
| 612   |  0  |      18 |     -56 |  10|      44 |     946 |
| 613   |  0  |      16 |     -56 |  11|      44 |     946 |
| 614   |  0  |      16 |      44 |  12|      44 |     946 |
| 615   |  0  |      17 |      44 |  13|      44 |     946 |
| 616   |  0  |      17 |      44 |  14|      44 |     990 |
| 617   |  0  |      16 |      44 |  15|      44 |     990 |
| 618   |  0  |      16 |      44 |  16|      45 |     990 |
| 619   |  0  |       4 |      44 |  17|      45 |     990 |
| 620   |  0  |       4 |      44 |   4|      45 |     990 |
| 621   |  0  |      16 |      44 |   5|      45 |     990 |
| 622   |  0  |      16 |      45 |   6|      45 |     990 |
| 623   |  0  |     100 |      45 |   7|      45 |     990 |
| 624   |  0  |     100 |     -55 |   8|      45 |     990 |
| 625   |  0  |      18 |     -55 |   9|      45 |     990 |
| 626   |  0  |      18 |     -55 |  10|      45 |     990 |
| 627   |  0  |      16 |     -55 |  11|      45 |     990 |
| 628   |  0  |      16 |      45 |  12|      45 |     990 |
| 629   |  0  |      17 |      45 |  13|      45 |     990 |
| 630   |  0  |      17 |      45 |  14|      45 |    1035 |
| 631   |  0  |      16 |      45 |  15|      45 |    1035 |
| 632   |  0  |      16 |      45 |  16|      46 |    1035 |
| 633   |  0  |       4 |      45 |  17|      46 |    1035 |
| 634   |  0  |       4 |      45 |   4|      46 |    1035 |
| 635   |  0  |      16 |      45 |   5|      46 |    1035 |
| 636   |  0  |      16 |      46 |   6|      46 |    1035 |
| 637   |  0  |     100 |      46 |   7|      46 |    1035 |
| 638   |  0  |     100 |     -54 |   8|      46 |    1035 |
| 639   |  0  |      18 |     -54 |   9|      46 |    1035 |
| 640   |  0  |      18 |     -54 |  10|      46 |    1035 |
| 641   |  0  |      16 |     -54 |  11|      46 |    1035 |
| 642   |  0  |      16 |      46 |  12|      46 |    1035 |
| 643   |  0  |      17 |      46 |  13|      46 |    1035 |
| 644   |  0  |      17 |      46 |  14|      46 |    1081 |
| 645   |  0  |      16 |      46 |  15|      46 |    1081 |
| 646   |  0  |      16 |      46 |  16|      47 |    1081 |
| 647   |  0  |       4 |      46 |  17|      47 |    1081 |
| 648   |  0  |       4 |      46 |   4|      47 |    1081 |
| 649   |  0  |      16 |      46 |   5|      47 |    1081 |
| 650   |  0  |      16 |      47 |   6|      47 |    1081 |
| 651   |  0  |     100 |      47 |   7|      47 |    1081 |
| 652   |  0  |     100 |     -53 |   8|      47 |    1081 |
| 653   |  0  |      18 |     -53 |   9|      47 |    1081 |
| 654   |  0  |      18 |     -53 |  10|      47 |    1081 |
| 655   |  0  |      16 |     -53 |  11|      47 |    1081 |
| 656   |  0  |      16 |      47 |  12|      47 |    1081 |
| 657   |  0  |      17 |      47 |  13|      47 |    1081 |
| 658   |  0  |      17 |      47 |  14|      47 |    1128 |
| 659   |  0  |      16 |      47 |  15|      47 |    1128 |
| 660   |  0  |      16 |      47 |  16|      48 |    1128 |
| 661   |  0  |       4 |      47 |  17|      48 |    1128 |
| 662   |  0  |       4 |      47 |   4|      48 |    1128 |
| 663   |  0  |      16 |      47 |   5|      48 |    1128 |
| 664   |  0  |      16 |      48 |   6|      48 |    1128 |
| 665   |  0  |     100 |      48 |   7|      48 |    1128 |
| 666   |  0  |     100 |     -52 |   8|      48 |    1128 |
| 667   |  0  |      18 |     -52 |   9|      48 |    1128 |
| 668   |  0  |      18 |     -52 |  10|      48 |    1128 |
| 669   |  0  |      16 |     -52 |  11|      48 |    1128 |
| 670   |  0  |      16 |      48 |  12|      48 |    1128 |
| 671   |  0  |      17 |      48 |  13|      48 |    1128 |
| 672   |  0  |      17 |      48 |  14|      48 |    1176 |
| 673   |  0  |      16 |      48 |  15|      48 |    1176 |
| 674   |  0  |      16 |      48 |  16|      49 |    1176 |
| 675   |  0  |       4 |      48 |  17|      49 |    1176 |
| 676   |  0  |       4 |      48 |   4|      49 |    1176 |
| 677   |  0  |      16 |      48 |   5|      49 |    1176 |
| 678   |  0  |      16 |      49 |   6|      49 |    1176 |
| 679   |  0  |     100 |      49 |   7|      49 |    1176 |
| 680   |  0  |     100 |     -51 |   8|      49 |    1176 |
| 681   |  0  |      18 |     -51 |   9|      49 |    1176 |
| 682   |  0  |      18 |     -51 |  10|      49 |    1176 |
| 683   |  0  |      16 |     -51 |  11|      49 |    1176 |
| 684   |  0  |      16 |      49 |  12|      49 |    1176 |
| 685   |  0  |      17 |      49 |  13|      49 |    1176 |
| 686   |  0  |      17 |      49 |  14|      49 |    1225 |
| 687   |  0  |      16 |      49 |  15|      49 |    1225 |
| 688   |  0  |      16 |      49 |  16|      50 |    1225 |
| 689   |  0  |       4 |      49 |  17|      50 |    1225 |
| 690   |  0  |       4 |      49 |   4|      50 |    1225 |
| 691   |  0  |      16 |      49 |   5|      50 |    1225 |
| 692   |  0  |      16 |      50 |   6|      50 |    1225 |
| 693   |  0  |     100 |      50 |   7|      50 |    1225 |
| 694   |  0  |     100 |     -50 |   8|      50 |    1225 |
| 695   |  0  |      18 |     -50 |   9|      50 |    1225 |
| 696   |  0  |      18 |     -50 |  10|      50 |    1225 |
| 697   |  0  |      16 |     -50 |  11|      50 |    1225 |
| 698   |  0  |      16 |      50 |  12|      50 |    1225 |
| 699   |  0  |      17 |      50 |  13|      50 |    1225 |
| 700   |  0  |      17 |      50 |  14|      50 |    1275 |
| 701   |  0  |      16 |      50 |  15|      50 |    1275 |
| 702   |  0  |      16 |      50 |  16|      51 |    1275 |
| 703   |  0  |       4 |      50 |  17|      51 |    1275 |
| 704   |  0  |       4 |      50 |   4|      51 |    1275 |
| 705   |  0  |      16 |      50 |   5|      51 |    1275 |
| 706   |  0  |      16 |      51 |   6|      51 |    1275 |
| 707   |  0  |     100 |      51 |   7|      51 |    1275 |
| 708   |  0  |     100 |     -49 |   8|      51 |    1275 |
| 709   |  0  |      18 |     -49 |   9|      51 |    1275 |
| 710   |  0  |      18 |     -49 |  10|      51 |    1275 |
| 711   |  0  |      16 |     -49 |  11|      51 |    1275 |
| 712   |  0  |      16 |      51 |  12|      51 |    1275 |
| 713   |  0  |      17 |      51 |  13|      51 |    1275 |
| 714   |  0  |      17 |      51 |  14|      51 |    1326 |
| 715   |  0  |      16 |      51 |  15|      51 |    1326 |
| 716   |  0  |      16 |      51 |  16|      52 |    1326 |
| 717   |  0  |       4 |      51 |  17|      52 |    1326 |
| 718   |  0  |       4 |      51 |   4|      52 |    1326 |
| 719   |  0  |      16 |      51 |   5|      52 |    1326 |
| 720   |  0  |      16 |      52 |   6|      52 |    1326 |
| 721   |  0  |     100 |      52 |   7|      52 |    1326 |
| 722   |  0  |     100 |     -48 |   8|      52 |    1326 |
| 723   |  0  |      18 |     -48 |   9|      52 |    1326 |
| 724   |  0  |      18 |     -48 |  10|      52 |    1326 |
| 725   |  0  |      16 |     -48 |  11|      52 |    1326 |
| 726   |  0  |      16 |      52 |  12|      52 |    1326 |
| 727   |  0  |      17 |      52 |  13|      52 |    1326 |
| 728   |  0  |      17 |      52 |  14|      52 |    1378 |
| 729   |  0  |      16 |      52 |  15|      52 |    1378 |
| 730   |  0  |      16 |      52 |  16|      53 |    1378 |
| 731   |  0  |       4 |      52 |  17|      53 |    1378 |
| 732   |  0  |       4 |      52 |   4|      53 |    1378 |
| 733   |  0  |      16 |      52 |   5|      53 |    1378 |
| 734   |  0  |      16 |      53 |   6|      53 |    1378 |
| 735   |  0  |     100 |      53 |   7|      53 |    1378 |
| 736   |  0  |     100 |     -47 |   8|      53 |    1378 |
| 737   |  0  |      18 |     -47 |   9|      53 |    1378 |
| 738   |  0  |      18 |     -47 |  10|      53 |    1378 |
| 739   |  0  |      16 |     -47 |  11|      53 |    1378 |
| 740   |  0  |      16 |      53 |  12|      53 |    1378 |
| 741   |  0  |      17 |      53 |  13|      53 |    1378 |
| 742   |  0  |      17 |      53 |  14|      53 |    1431 |
| 743   |  0  |      16 |      53 |  15|      53 |    1431 |
| 744   |  0  |      16 |      53 |  16|      54 |    1431 |
| 745   |  0  |       4 |      53 |  17|      54 |    1431 |
| 746   |  0  |       4 |      53 |   4|      54 |    1431 |
| 747   |  0  |      16 |      53 |   5|      54 |    1431 |
| 748   |  0  |      16 |      54 |   6|      54 |    1431 |
| 749   |  0  |     100 |      54 |   7|      54 |    1431 |
| 750   |  0  |     100 |     -46 |   8|      54 |    1431 |
| 751   |  0  |      18 |     -46 |   9|      54 |    1431 |
| 752   |  0  |      18 |     -46 |  10|      54 |    1431 |
| 753   |  0  |      16 |     -46 |  11|      54 |    1431 |
| 754   |  0  |      16 |      54 |  12|      54 |    1431 |
| 755   |  0  |      17 |      54 |  13|      54 |    1431 |
| 756   |  0  |      17 |      54 |  14|      54 |    1485 |
| 757   |  0  |      16 |      54 |  15|      54 |    1485 |
| 758   |  0  |      16 |      54 |  16|      55 |    1485 |
| 759   |  0  |       4 |      54 |  17|      55 |    1485 |
| 760   |  0  |       4 |      54 |   4|      55 |    1485 |
| 761   |  0  |      16 |      54 |   5|      55 |    1485 |
| 762   |  0  |      16 |      55 |   6|      55 |    1485 |
| 763   |  0  |     100 |      55 |   7|      55 |    1485 |
| 764   |  0  |     100 |     -45 |   8|      55 |    1485 |
| 765   |  0  |      18 |     -45 |   9|      55 |    1485 |
| 766   |  0  |      18 |     -45 |  10|      55 |    1485 |
| 767   |  0  |      16 |     -45 |  11|      55 |    1485 |
| 768   |  0  |      16 |      55 |  12|      55 |    1485 |
| 769   |  0  |      17 |      55 |  13|      55 |    1485 |
| 770   |  0  |      17 |      55 |  14|      55 |    1540 |
| 771   |  0  |      16 |      55 |  15|      55 |    1540 |
| 772   |  0  |      16 |      55 |  16|      56 |    1540 |
| 773   |  0  |       4 |      55 |  17|      56 |    1540 |
| 774   |  0  |       4 |      55 |   4|      56 |    1540 |
| 775   |  0  |      16 |      55 |   5|      56 |    1540 |
| 776   |  0  |      16 |      56 |   6|      56 |    1540 |
| 777   |  0  |     100 |      56 |   7|      56 |    1540 |
| 778   |  0  |     100 |     -44 |   8|      56 |    1540 |
| 779   |  0  |      18 |     -44 |   9|      56 |    1540 |
| 780   |  0  |      18 |     -44 |  10|      56 |    1540 |
| 781   |  0  |      16 |     -44 |  11|      56 |    1540 |
| 782   |  0  |      16 |      56 |  12|      56 |    1540 |
| 783   |  0  |      17 |      56 |  13|      56 |    1540 |
| 784   |  0  |      17 |      56 |  14|      56 |    1596 |
| 785   |  0  |      16 |      56 |  15|      56 |    1596 |
| 786   |  0  |      16 |      56 |  16|      57 |    1596 |
| 787   |  0  |       4 |      56 |  17|      57 |    1596 |
| 788   |  0  |       4 |      56 |   4|      57 |    1596 |
| 789   |  0  |      16 |      56 |   5|      57 |    1596 |
| 790   |  0  |      16 |      57 |   6|      57 |    1596 |
| 791   |  0  |     100 |      57 |   7|      57 |    1596 |
| 792   |  0  |     100 |     -43 |   8|      57 |    1596 |
| 793   |  0  |      18 |     -43 |   9|      57 |    1596 |
| 794   |  0  |      18 |     -43 |  10|      57 |    1596 |
| 795   |  0  |      16 |     -43 |  11|      57 |    1596 |
| 796   |  0  |      16 |      57 |  12|      57 |    1596 |
| 797   |  0  |      17 |      57 |  13|      57 |    1596 |
| 798   |  0  |      17 |      57 |  14|      57 |    1653 |
| 799   |  0  |      16 |      57 |  15|      57 |    1653 |
| 800   |  0  |      16 |      57 |  16|      58 |    1653 |
| 801   |  0  |       4 |      57 |  17|      58 |    1653 |
| 802   |  0  |       4 |      57 |   4|      58 |    1653 |
| 803   |  0  |      16 |      57 |   5|      58 |    1653 |
| 804   |  0  |      16 |      58 |   6|      58 |    1653 |
| 805   |  0  |     100 |      58 |   7|      58 |    1653 |
| 806   |  0  |     100 |     -42 |   8|      58 |    1653 |
| 807   |  0  |      18 |     -42 |   9|      58 |    1653 |
| 808   |  0  |      18 |     -42 |  10|      58 |    1653 |
| 809   |  0  |      16 |     -42 |  11|      58 |    1653 |
| 810   |  0  |      16 |      58 |  12|      58 |    1653 |
| 811   |  0  |      17 |      58 |  13|      58 |    1653 |
| 812   |  0  |      17 |      58 |  14|      58 |    1711 |
| 813   |  0  |      16 |      58 |  15|      58 |    1711 |
| 814   |  0  |      16 |      58 |  16|      59 |    1711 |
| 815   |  0  |       4 |      58 |  17|      59 |    1711 |
| 816   |  0  |       4 |      58 |   4|      59 |    1711 |
| 817   |  0  |      16 |      58 |   5|      59 |    1711 |
| 818   |  0  |      16 |      59 |   6|      59 |    1711 |
| 819   |  0  |     100 |      59 |   7|      59 |    1711 |
| 820   |  0  |     100 |     -41 |   8|      59 |    1711 |
| 821   |  0  |      18 |     -41 |   9|      59 |    1711 |
| 822   |  0  |      18 |     -41 |  10|      59 |    1711 |
| 823   |  0  |      16 |     -41 |  11|      59 |    1711 |
| 824   |  0  |      16 |      59 |  12|      59 |    1711 |
| 825   |  0  |      17 |      59 |  13|      59 |    1711 |
| 826   |  0  |      17 |      59 |  14|      59 |    1770 |
| 827   |  0  |      16 |      59 |  15|      59 |    1770 |
| 828   |  0  |      16 |      59 |  16|      60 |    1770 |
| 829   |  0  |       4 |      59 |  17|      60 |    1770 |
| 830   |  0  |       4 |      59 |   4|      60 |    1770 |
| 831   |  0  |      16 |      59 |   5|      60 |    1770 |
| 832   |  0  |      16 |      60 |   6|      60 |    1770 |
| 833   |  0  |     100 |      60 |   7|      60 |    1770 |
| 834   |  0  |     100 |     -40 |   8|      60 |    1770 |
| 835   |  0  |      18 |     -40 |   9|      60 |    1770 |
| 836   |  0  |      18 |     -40 |  10|      60 |    1770 |
| 837   |  0  |      16 |     -40 |  11|      60 |    1770 |
| 838   |  0  |      16 |      60 |  12|      60 |    1770 |
| 839   |  0  |      17 |      60 |  13|      60 |    1770 |
| 840   |  0  |      17 |      60 |  14|      60 |    1830 |
| 841   |  0  |      16 |      60 |  15|      60 |    1830 |
| 842   |  0  |      16 |      60 |  16|      61 |    1830 |
| 843   |  0  |       4 |      60 |  17|      61 |    1830 |
| 844   |  0  |       4 |      60 |   4|      61 |    1830 |
| 845   |  0  |      16 |      60 |   5|      61 |    1830 |
| 846   |  0  |      16 |      61 |   6|      61 |    1830 |
| 847   |  0  |     100 |      61 |   7|      61 |    1830 |
| 848   |  0  |     100 |     -39 |   8|      61 |    1830 |
| 849   |  0  |      18 |     -39 |   9|      61 |    1830 |
| 850   |  0  |      18 |     -39 |  10|      61 |    1830 |
| 851   |  0  |      16 |     -39 |  11|      61 |    1830 |
| 852   |  0  |      16 |      61 |  12|      61 |    1830 |
| 853   |  0  |      17 |      61 |  13|      61 |    1830 |
| 854   |  0  |      17 |      61 |  14|      61 |    1891 |
| 855   |  0  |      16 |      61 |  15|      61 |    1891 |
| 856   |  0  |      16 |      61 |  16|      62 |    1891 |
| 857   |  0  |       4 |      61 |  17|      62 |    1891 |
| 858   |  0  |       4 |      61 |   4|      62 |    1891 |
| 859   |  0  |      16 |      61 |   5|      62 |    1891 |
| 860   |  0  |      16 |      62 |   6|      62 |    1891 |
| 861   |  0  |     100 |      62 |   7|      62 |    1891 |
| 862   |  0  |     100 |     -38 |   8|      62 |    1891 |
| 863   |  0  |      18 |     -38 |   9|      62 |    1891 |
| 864   |  0  |      18 |     -38 |  10|      62 |    1891 |
| 865   |  0  |      16 |     -38 |  11|      62 |    1891 |
| 866   |  0  |      16 |      62 |  12|      62 |    1891 |
| 867   |  0  |      17 |      62 |  13|      62 |    1891 |
| 868   |  0  |      17 |      62 |  14|      62 |    1953 |
| 869   |  0  |      16 |      62 |  15|      62 |    1953 |
| 870   |  0  |      16 |      62 |  16|      63 |    1953 |
| 871   |  0  |       4 |      62 |  17|      63 |    1953 |
| 872   |  0  |       4 |      62 |   4|      63 |    1953 |
| 873   |  0  |      16 |      62 |   5|      63 |    1953 |
| 874   |  0  |      16 |      63 |   6|      63 |    1953 |
| 875   |  0  |     100 |      63 |   7|      63 |    1953 |
| 876   |  0  |     100 |     -37 |   8|      63 |    1953 |
| 877   |  0  |      18 |     -37 |   9|      63 |    1953 |
| 878   |  0  |      18 |     -37 |  10|      63 |    1953 |
| 879   |  0  |      16 |     -37 |  11|      63 |    1953 |
| 880   |  0  |      16 |      63 |  12|      63 |    1953 |
| 881   |  0  |      17 |      63 |  13|      63 |    1953 |
| 882   |  0  |      17 |      63 |  14|      63 |    2016 |
| 883   |  0  |      16 |      63 |  15|      63 |    2016 |
| 884   |  0  |      16 |      63 |  16|      64 |    2016 |
| 885   |  0  |       4 |      63 |  17|      64 |    2016 |
| 886   |  0  |       4 |      63 |   4|      64 |    2016 |
| 887   |  0  |      16 |      63 |   5|      64 |    2016 |
| 888   |  0  |      16 |      64 |   6|      64 |    2016 |
| 889   |  0  |     100 |      64 |   7|      64 |    2016 |
| 890   |  0  |     100 |     -36 |   8|      64 |    2016 |
| 891   |  0  |      18 |     -36 |   9|      64 |    2016 |
| 892   |  0  |      18 |     -36 |  10|      64 |    2016 |
| 893   |  0  |      16 |     -36 |  11|      64 |    2016 |
| 894   |  0  |      16 |      64 |  12|      64 |    2016 |
| 895   |  0  |      17 |      64 |  13|      64 |    2016 |
| 896   |  0  |      17 |      64 |  14|      64 |    2080 |
| 897   |  0  |      16 |      64 |  15|      64 |    2080 |
| 898   |  0  |      16 |      64 |  16|      65 |    2080 |
| 899   |  0  |       4 |      64 |  17|      65 |    2080 |
| 900   |  0  |       4 |      64 |   4|      65 |    2080 |
| 901   |  0  |      16 |      64 |   5|      65 |    2080 |
| 902   |  0  |      16 |      65 |   6|      65 |    2080 |
| 903   |  0  |     100 |      65 |   7|      65 |    2080 |
| 904   |  0  |     100 |     -35 |   8|      65 |    2080 |
| 905   |  0  |      18 |     -35 |   9|      65 |    2080 |
| 906   |  0  |      18 |     -35 |  10|      65 |    2080 |
| 907   |  0  |      16 |     -35 |  11|      65 |    2080 |
| 908   |  0  |      16 |      65 |  12|      65 |    2080 |
| 909   |  0  |      17 |      65 |  13|      65 |    2080 |
| 910   |  0  |      17 |      65 |  14|      65 |    2145 |
| 911   |  0  |      16 |      65 |  15|      65 |    2145 |
| 912   |  0  |      16 |      65 |  16|      66 |    2145 |
| 913   |  0  |       4 |      65 |  17|      66 |    2145 |
| 914   |  0  |       4 |      65 |   4|      66 |    2145 |
| 915   |  0  |      16 |      65 |   5|      66 |    2145 |
| 916   |  0  |      16 |      66 |   6|      66 |    2145 |
| 917   |  0  |     100 |      66 |   7|      66 |    2145 |
| 918   |  0  |     100 |     -34 |   8|      66 |    2145 |
| 919   |  0  |      18 |     -34 |   9|      66 |    2145 |
| 920   |  0  |      18 |     -34 |  10|      66 |    2145 |
| 921   |  0  |      16 |     -34 |  11|      66 |    2145 |
| 922   |  0  |      16 |      66 |  12|      66 |    2145 |
| 923   |  0  |      17 |      66 |  13|      66 |    2145 |
| 924   |  0  |      17 |      66 |  14|      66 |    2211 |
| 925   |  0  |      16 |      66 |  15|      66 |    2211 |
| 926   |  0  |      16 |      66 |  16|      67 |    2211 |
| 927   |  0  |       4 |      66 |  17|      67 |    2211 |
| 928   |  0  |       4 |      66 |   4|      67 |    2211 |
| 929   |  0  |      16 |      66 |   5|      67 |    2211 |
| 930   |  0  |      16 |      67 |   6|      67 |    2211 |
| 931   |  0  |     100 |      67 |   7|      67 |    2211 |
| 932   |  0  |     100 |     -33 |   8|      67 |    2211 |
| 933   |  0  |      18 |     -33 |   9|      67 |    2211 |
| 934   |  0  |      18 |     -33 |  10|      67 |    2211 |
| 935   |  0  |      16 |     -33 |  11|      67 |    2211 |
| 936   |  0  |      16 |      67 |  12|      67 |    2211 |
| 937   |  0  |      17 |      67 |  13|      67 |    2211 |
| 938   |  0  |      17 |      67 |  14|      67 |    2278 |
| 939   |  0  |      16 |      67 |  15|      67 |    2278 |
| 940   |  0  |      16 |      67 |  16|      68 |    2278 |
| 941   |  0  |       4 |      67 |  17|      68 |    2278 |
| 942   |  0  |       4 |      67 |   4|      68 |    2278 |
| 943   |  0  |      16 |      67 |   5|      68 |    2278 |
| 944   |  0  |      16 |      68 |   6|      68 |    2278 |
| 945   |  0  |     100 |      68 |   7|      68 |    2278 |
| 946   |  0  |     100 |     -32 |   8|      68 |    2278 |
| 947   |  0  |      18 |     -32 |   9|      68 |    2278 |
| 948   |  0  |      18 |     -32 |  10|      68 |    2278 |
| 949   |  0  |      16 |     -32 |  11|      68 |    2278 |
| 950   |  0  |      16 |      68 |  12|      68 |    2278 |
| 951   |  0  |      17 |      68 |  13|      68 |    2278 |
| 952   |  0  |      17 |      68 |  14|      68 |    2346 |
| 953   |  0  |      16 |      68 |  15|      68 |    2346 |
| 954   |  0  |      16 |      68 |  16|      69 |    2346 |
| 955   |  0  |       4 |      68 |  17|      69 |    2346 |
| 956   |  0  |       4 |      68 |   4|      69 |    2346 |
| 957   |  0  |      16 |      68 |   5|      69 |    2346 |
| 958   |  0  |      16 |      69 |   6|      69 |    2346 |
| 959   |  0  |     100 |      69 |   7|      69 |    2346 |
| 960   |  0  |     100 |     -31 |   8|      69 |    2346 |
| 961   |  0  |      18 |     -31 |   9|      69 |    2346 |
| 962   |  0  |      18 |     -31 |  10|      69 |    2346 |
| 963   |  0  |      16 |     -31 |  11|      69 |    2346 |
| 964   |  0  |      16 |      69 |  12|      69 |    2346 |
| 965   |  0  |      17 |      69 |  13|      69 |    2346 |
| 966   |  0  |      17 |      69 |  14|      69 |    2415 |
| 967   |  0  |      16 |      69 |  15|      69 |    2415 |
| 968   |  0  |      16 |      69 |  16|      70 |    2415 |
| 969   |  0  |       4 |      69 |  17|      70 |    2415 |
| 970   |  0  |       4 |      69 |   4|      70 |    2415 |
| 971   |  0  |      16 |      69 |   5|      70 |    2415 |
| 972   |  0  |      16 |      70 |   6|      70 |    2415 |
| 973   |  0  |     100 |      70 |   7|      70 |    2415 |
| 974   |  0  |     100 |     -30 |   8|      70 |    2415 |
| 975   |  0  |      18 |     -30 |   9|      70 |    2415 |
| 976   |  0  |      18 |     -30 |  10|      70 |    2415 |
| 977   |  0  |      16 |     -30 |  11|      70 |    2415 |
| 978   |  0  |      16 |      70 |  12|      70 |    2415 |
| 979   |  0  |      17 |      70 |  13|      70 |    2415 |
| 980   |  0  |      17 |      70 |  14|      70 |    2485 |
| 981   |  0  |      16 |      70 |  15|      70 |    2485 |
| 982   |  0  |      16 |      70 |  16|      71 |    2485 |
| 983   |  0  |       4 |      70 |  17|      71 |    2485 |
| 984   |  0  |       4 |      70 |   4|      71 |    2485 |
| 985   |  0  |      16 |      70 |   5|      71 |    2485 |
| 986   |  0  |      16 |      71 |   6|      71 |    2485 |
| 987   |  0  |     100 |      71 |   7|      71 |    2485 |
| 988   |  0  |     100 |     -29 |   8|      71 |    2485 |
| 989   |  0  |      18 |     -29 |   9|      71 |    2485 |
| 990   |  0  |      18 |     -29 |  10|      71 |    2485 |
| 991   |  0  |      16 |     -29 |  11|      71 |    2485 |
| 992   |  0  |      16 |      71 |  12|      71 |    2485 |
| 993   |  0  |      17 |      71 |  13|      71 |    2485 |
| 994   |  0  |      17 |      71 |  14|      71 |    2556 |
| 995   |  0  |      16 |      71 |  15|      71 |    2556 |
| 996   |  0  |      16 |      71 |  16|      72 |    2556 |
| 997   |  0  |       4 |      71 |  17|      72 |    2556 |
| 998   |  0  |       4 |      71 |   4|      72 |    2556 |
| 999   |  0  |      16 |      71 |   5|      72 |    2556 |
| 1000  |  0  |      16 |      72 |   6|      72 |    2556 |
| 1001  |  0  |     100 |      72 |   7|      72 |    2556 |
| 1002  |  0  |     100 |     -28 |   8|      72 |    2556 |
| 1003  |  0  |      18 |     -28 |   9|      72 |    2556 |
| 1004  |  0  |      18 |     -28 |  10|      72 |    2556 |
| 1005  |  0  |      16 |     -28 |  11|      72 |    2556 |
| 1006  |  0  |      16 |      72 |  12|      72 |    2556 |
| 1007  |  0  |      17 |      72 |  13|      72 |    2556 |
| 1008  |  0  |      17 |      72 |  14|      72 |    2628 |
| 1009  |  0  |      16 |      72 |  15|      72 |    2628 |
| 1010  |  0  |      16 |      72 |  16|      73 |    2628 |
| 1011  |  0  |       4 |      72 |  17|      73 |    2628 |
| 1012  |  0  |       4 |      72 |   4|      73 |    2628 |
| 1013  |  0  |      16 |      72 |   5|      73 |    2628 |
| 1014  |  0  |      16 |      73 |   6|      73 |    2628 |
| 1015  |  0  |     100 |      73 |   7|      73 |    2628 |
| 1016  |  0  |     100 |     -27 |   8|      73 |    2628 |
| 1017  |  0  |      18 |     -27 |   9|      73 |    2628 |
| 1018  |  0  |      18 |     -27 |  10|      73 |    2628 |
| 1019  |  0  |      16 |     -27 |  11|      73 |    2628 |
| 1020  |  0  |      16 |      73 |  12|      73 |    2628 |
| 1021  |  0  |      17 |      73 |  13|      73 |    2628 |
| 1022  |  0  |      17 |      73 |  14|      73 |    2701 |
| 1023  |  0  |      16 |      73 |  15|      73 |    2701 |
| 1024  |  0  |      16 |      73 |  16|      74 |    2701 |
| 1025  |  0  |       4 |      73 |  17|      74 |    2701 |
| 1026  |  0  |       4 |      73 |   4|      74 |    2701 |
| 1027  |  0  |      16 |      73 |   5|      74 |    2701 |
| 1028  |  0  |      16 |      74 |   6|      74 |    2701 |
| 1029  |  0  |     100 |      74 |   7|      74 |    2701 |
| 1030  |  0  |     100 |     -26 |   8|      74 |    2701 |
| 1031  |  0  |      18 |     -26 |   9|      74 |    2701 |
| 1032  |  0  |      18 |     -26 |  10|      74 |    2701 |
| 1033  |  0  |      16 |     -26 |  11|      74 |    2701 |
| 1034  |  0  |      16 |      74 |  12|      74 |    2701 |
| 1035  |  0  |      17 |      74 |  13|      74 |    2701 |
| 1036  |  0  |      17 |      74 |  14|      74 |    2775 |
| 1037  |  0  |      16 |      74 |  15|      74 |    2775 |
| 1038  |  0  |      16 |      74 |  16|      75 |    2775 |
| 1039  |  0  |       4 |      74 |  17|      75 |    2775 |
| 1040  |  0  |       4 |      74 |   4|      75 |    2775 |
| 1041  |  0  |      16 |      74 |   5|      75 |    2775 |
| 1042  |  0  |      16 |      75 |   6|      75 |    2775 |
| 1043  |  0  |     100 |      75 |   7|      75 |    2775 |
| 1044  |  0  |     100 |     -25 |   8|      75 |    2775 |
| 1045  |  0  |      18 |     -25 |   9|      75 |    2775 |
| 1046  |  0  |      18 |     -25 |  10|      75 |    2775 |
| 1047  |  0  |      16 |     -25 |  11|      75 |    2775 |
| 1048  |  0  |      16 |      75 |  12|      75 |    2775 |
| 1049  |  0  |      17 |      75 |  13|      75 |    2775 |
| 1050  |  0  |      17 |      75 |  14|      75 |    2850 |
| 1051  |  0  |      16 |      75 |  15|      75 |    2850 |
| 1052  |  0  |      16 |      75 |  16|      76 |    2850 |
| 1053  |  0  |       4 |      75 |  17|      76 |    2850 |
| 1054  |  0  |       4 |      75 |   4|      76 |    2850 |
| 1055  |  0  |      16 |      75 |   5|      76 |    2850 |
| 1056  |  0  |      16 |      76 |   6|      76 |    2850 |
| 1057  |  0  |     100 |      76 |   7|      76 |    2850 |
| 1058  |  0  |     100 |     -24 |   8|      76 |    2850 |
| 1059  |  0  |      18 |     -24 |   9|      76 |    2850 |
| 1060  |  0  |      18 |     -24 |  10|      76 |    2850 |
| 1061  |  0  |      16 |     -24 |  11|      76 |    2850 |
| 1062  |  0  |      16 |      76 |  12|      76 |    2850 |
| 1063  |  0  |      17 |      76 |  13|      76 |    2850 |
| 1064  |  0  |      17 |      76 |  14|      76 |    2926 |
| 1065  |  0  |      16 |      76 |  15|      76 |    2926 |
| 1066  |  0  |      16 |      76 |  16|      77 |    2926 |
| 1067  |  0  |       4 |      76 |  17|      77 |    2926 |
| 1068  |  0  |       4 |      76 |   4|      77 |    2926 |
| 1069  |  0  |      16 |      76 |   5|      77 |    2926 |
| 1070  |  0  |      16 |      77 |   6|      77 |    2926 |
| 1071  |  0  |     100 |      77 |   7|      77 |    2926 |
| 1072  |  0  |     100 |     -23 |   8|      77 |    2926 |
| 1073  |  0  |      18 |     -23 |   9|      77 |    2926 |
| 1074  |  0  |      18 |     -23 |  10|      77 |    2926 |
| 1075  |  0  |      16 |     -23 |  11|      77 |    2926 |
| 1076  |  0  |      16 |      77 |  12|      77 |    2926 |
| 1077  |  0  |      17 |      77 |  13|      77 |    2926 |
| 1078  |  0  |      17 |      77 |  14|      77 |    3003 |
| 1079  |  0  |      16 |      77 |  15|      77 |    3003 |
| 1080  |  0  |      16 |      77 |  16|      78 |    3003 |
| 1081  |  0  |       4 |      77 |  17|      78 |    3003 |
| 1082  |  0  |       4 |      77 |   4|      78 |    3003 |
| 1083  |  0  |      16 |      77 |   5|      78 |    3003 |
| 1084  |  0  |      16 |      78 |   6|      78 |    3003 |
| 1085  |  0  |     100 |      78 |   7|      78 |    3003 |
| 1086  |  0  |     100 |     -22 |   8|      78 |    3003 |
| 1087  |  0  |      18 |     -22 |   9|      78 |    3003 |
| 1088  |  0  |      18 |     -22 |  10|      78 |    3003 |
| 1089  |  0  |      16 |     -22 |  11|      78 |    3003 |
| 1090  |  0  |      16 |      78 |  12|      78 |    3003 |
| 1091  |  0  |      17 |      78 |  13|      78 |    3003 |
| 1092  |  0  |      17 |      78 |  14|      78 |    3081 |
| 1093  |  0  |      16 |      78 |  15|      78 |    3081 |
| 1094  |  0  |      16 |      78 |  16|      79 |    3081 |
| 1095  |  0  |       4 |      78 |  17|      79 |    3081 |
| 1096  |  0  |       4 |      78 |   4|      79 |    3081 |
| 1097  |  0  |      16 |      78 |   5|      79 |    3081 |
| 1098  |  0  |      16 |      79 |   6|      79 |    3081 |
| 1099  |  0  |     100 |      79 |   7|      79 |    3081 |
| 1100  |  0  |     100 |     -21 |   8|      79 |    3081 |
| 1101  |  0  |      18 |     -21 |   9|      79 |    3081 |
| 1102  |  0  |      18 |     -21 |  10|      79 |    3081 |
| 1103  |  0  |      16 |     -21 |  11|      79 |    3081 |
| 1104  |  0  |      16 |      79 |  12|      79 |    3081 |
| 1105  |  0  |      17 |      79 |  13|      79 |    3081 |
| 1106  |  0  |      17 |      79 |  14|      79 |    3160 |
| 1107  |  0  |      16 |      79 |  15|      79 |    3160 |
| 1108  |  0  |      16 |      79 |  16|      80 |    3160 |
| 1109  |  0  |       4 |      79 |  17|      80 |    3160 |
| 1110  |  0  |       4 |      79 |   4|      80 |    3160 |
| 1111  |  0  |      16 |      79 |   5|      80 |    3160 |
| 1112  |  0  |      16 |      80 |   6|      80 |    3160 |
| 1113  |  0  |     100 |      80 |   7|      80 |    3160 |
| 1114  |  0  |     100 |     -20 |   8|      80 |    3160 |
| 1115  |  0  |      18 |     -20 |   9|      80 |    3160 |
| 1116  |  0  |      18 |     -20 |  10|      80 |    3160 |
| 1117  |  0  |      16 |     -20 |  11|      80 |    3160 |
| 1118  |  0  |      16 |      80 |  12|      80 |    3160 |
| 1119  |  0  |      17 |      80 |  13|      80 |    3160 |
| 1120  |  0  |      17 |      80 |  14|      80 |    3240 |
| 1121  |  0  |      16 |      80 |  15|      80 |    3240 |
| 1122  |  0  |      16 |      80 |  16|      81 |    3240 |
| 1123  |  0  |       4 |      80 |  17|      81 |    3240 |
| 1124  |  0  |       4 |      80 |   4|      81 |    3240 |
| 1125  |  0  |      16 |      80 |   5|      81 |    3240 |
| 1126  |  0  |      16 |      81 |   6|      81 |    3240 |
| 1127  |  0  |     100 |      81 |   7|      81 |    3240 |
| 1128  |  0  |     100 |     -19 |   8|      81 |    3240 |
| 1129  |  0  |      18 |     -19 |   9|      81 |    3240 |
| 1130  |  0  |      18 |     -19 |  10|      81 |    3240 |
| 1131  |  0  |      16 |     -19 |  11|      81 |    3240 |
| 1132  |  0  |      16 |      81 |  12|      81 |    3240 |
| 1133  |  0  |      17 |      81 |  13|      81 |    3240 |
| 1134  |  0  |      17 |      81 |  14|      81 |    3321 |
| 1135  |  0  |      16 |      81 |  15|      81 |    3321 |
| 1136  |  0  |      16 |      81 |  16|      82 |    3321 |
| 1137  |  0  |       4 |      81 |  17|      82 |    3321 |
| 1138  |  0  |       4 |      81 |   4|      82 |    3321 |
| 1139  |  0  |      16 |      81 |   5|      82 |    3321 |
| 1140  |  0  |      16 |      82 |   6|      82 |    3321 |
| 1141  |  0  |     100 |      82 |   7|      82 |    3321 |
| 1142  |  0  |     100 |     -18 |   8|      82 |    3321 |
| 1143  |  0  |      18 |     -18 |   9|      82 |    3321 |
| 1144  |  0  |      18 |     -18 |  10|      82 |    3321 |
| 1145  |  0  |      16 |     -18 |  11|      82 |    3321 |
| 1146  |  0  |      16 |      82 |  12|      82 |    3321 |
| 1147  |  0  |      17 |      82 |  13|      82 |    3321 |
| 1148  |  0  |      17 |      82 |  14|      82 |    3403 |
| 1149  |  0  |      16 |      82 |  15|      82 |    3403 |
| 1150  |  0  |      16 |      82 |  16|      83 |    3403 |
| 1151  |  0  |       4 |      82 |  17|      83 |    3403 |
| 1152  |  0  |       4 |      82 |   4|      83 |    3403 |
| 1153  |  0  |      16 |      82 |   5|      83 |    3403 |
| 1154  |  0  |      16 |      83 |   6|      83 |    3403 |
| 1155  |  0  |     100 |      83 |   7|      83 |    3403 |
| 1156  |  0  |     100 |     -17 |   8|      83 |    3403 |
| 1157  |  0  |      18 |     -17 |   9|      83 |    3403 |
| 1158  |  0  |      18 |     -17 |  10|      83 |    3403 |
| 1159  |  0  |      16 |     -17 |  11|      83 |    3403 |
| 1160  |  0  |      16 |      83 |  12|      83 |    3403 |
| 1161  |  0  |      17 |      83 |  13|      83 |    3403 |
| 1162  |  0  |      17 |      83 |  14|      83 |    3486 |
| 1163  |  0  |      16 |      83 |  15|      83 |    3486 |
| 1164  |  0  |      16 |      83 |  16|      84 |    3486 |
| 1165  |  0  |       4 |      83 |  17|      84 |    3486 |
| 1166  |  0  |       4 |      83 |   4|      84 |    3486 |
| 1167  |  0  |      16 |      83 |   5|      84 |    3486 |
| 1168  |  0  |      16 |      84 |   6|      84 |    3486 |
| 1169  |  0  |     100 |      84 |   7|      84 |    3486 |
| 1170  |  0  |     100 |     -16 |   8|      84 |    3486 |
| 1171  |  0  |      18 |     -16 |   9|      84 |    3486 |
| 1172  |  0  |      18 |     -16 |  10|      84 |    3486 |
| 1173  |  0  |      16 |     -16 |  11|      84 |    3486 |
| 1174  |  0  |      16 |      84 |  12|      84 |    3486 |
| 1175  |  0  |      17 |      84 |  13|      84 |    3486 |
| 1176  |  0  |      17 |      84 |  14|      84 |    3570 |
| 1177  |  0  |      16 |      84 |  15|      84 |    3570 |
| 1178  |  0  |      16 |      84 |  16|      85 |    3570 |
| 1179  |  0  |       4 |      84 |  17|      85 |    3570 |
| 1180  |  0  |       4 |      84 |   4|      85 |    3570 |
| 1181  |  0  |      16 |      84 |   5|      85 |    3570 |
| 1182  |  0  |      16 |      85 |   6|      85 |    3570 |
| 1183  |  0  |     100 |      85 |   7|      85 |    3570 |
| 1184  |  0  |     100 |     -15 |   8|      85 |    3570 |
| 1185  |  0  |      18 |     -15 |   9|      85 |    3570 |
| 1186  |  0  |      18 |     -15 |  10|      85 |    3570 |
| 1187  |  0  |      16 |     -15 |  11|      85 |    3570 |
| 1188  |  0  |      16 |      85 |  12|      85 |    3570 |
| 1189  |  0  |      17 |      85 |  13|      85 |    3570 |
| 1190  |  0  |      17 |      85 |  14|      85 |    3655 |
| 1191  |  0  |      16 |      85 |  15|      85 |    3655 |
| 1192  |  0  |      16 |      85 |  16|      86 |    3655 |
| 1193  |  0  |       4 |      85 |  17|      86 |    3655 |
| 1194  |  0  |       4 |      85 |   4|      86 |    3655 |
| 1195  |  0  |      16 |      85 |   5|      86 |    3655 |
| 1196  |  0  |      16 |      86 |   6|      86 |    3655 |
| 1197  |  0  |     100 |      86 |   7|      86 |    3655 |
| 1198  |  0  |     100 |     -14 |   8|      86 |    3655 |
| 1199  |  0  |      18 |     -14 |   9|      86 |    3655 |
| 1200  |  0  |      18 |     -14 |  10|      86 |    3655 |
| 1201  |  0  |      16 |     -14 |  11|      86 |    3655 |
| 1202  |  0  |      16 |      86 |  12|      86 |    3655 |
| 1203  |  0  |      17 |      86 |  13|      86 |    3655 |
| 1204  |  0  |      17 |      86 |  14|      86 |    3741 |
| 1205  |  0  |      16 |      86 |  15|      86 |    3741 |
| 1206  |  0  |      16 |      86 |  16|      87 |    3741 |
| 1207  |  0  |       4 |      86 |  17|      87 |    3741 |
| 1208  |  0  |       4 |      86 |   4|      87 |    3741 |
| 1209  |  0  |      16 |      86 |   5|      87 |    3741 |
| 1210  |  0  |      16 |      87 |   6|      87 |    3741 |
| 1211  |  0  |     100 |      87 |   7|      87 |    3741 |
| 1212  |  0  |     100 |     -13 |   8|      87 |    3741 |
| 1213  |  0  |      18 |     -13 |   9|      87 |    3741 |
| 1214  |  0  |      18 |     -13 |  10|      87 |    3741 |
| 1215  |  0  |      16 |     -13 |  11|      87 |    3741 |
| 1216  |  0  |      16 |      87 |  12|      87 |    3741 |
| 1217  |  0  |      17 |      87 |  13|      87 |    3741 |
| 1218  |  0  |      17 |      87 |  14|      87 |    3828 |
| 1219  |  0  |      16 |      87 |  15|      87 |    3828 |
| 1220  |  0  |      16 |      87 |  16|      88 |    3828 |
| 1221  |  0  |       4 |      87 |  17|      88 |    3828 |
| 1222  |  0  |       4 |      87 |   4|      88 |    3828 |
| 1223  |  0  |      16 |      87 |   5|      88 |    3828 |
| 1224  |  0  |      16 |      88 |   6|      88 |    3828 |
| 1225  |  0  |     100 |      88 |   7|      88 |    3828 |
| 1226  |  0  |     100 |     -12 |   8|      88 |    3828 |
| 1227  |  0  |      18 |     -12 |   9|      88 |    3828 |
| 1228  |  0  |      18 |     -12 |  10|      88 |    3828 |
| 1229  |  0  |      16 |     -12 |  11|      88 |    3828 |
| 1230  |  0  |      16 |      88 |  12|      88 |    3828 |
| 1231  |  0  |      17 |      88 |  13|      88 |    3828 |
| 1232  |  0  |      17 |      88 |  14|      88 |    3916 |
| 1233  |  0  |      16 |      88 |  15|      88 |    3916 |
| 1234  |  0  |      16 |      88 |  16|      89 |    3916 |
| 1235  |  0  |       4 |      88 |  17|      89 |    3916 |
| 1236  |  0  |       4 |      88 |   4|      89 |    3916 |
| 1237  |  0  |      16 |      88 |   5|      89 |    3916 |
| 1238  |  0  |      16 |      89 |   6|      89 |    3916 |
| 1239  |  0  |     100 |      89 |   7|      89 |    3916 |
| 1240  |  0  |     100 |     -11 |   8|      89 |    3916 |
| 1241  |  0  |      18 |     -11 |   9|      89 |    3916 |
| 1242  |  0  |      18 |     -11 |  10|      89 |    3916 |
| 1243  |  0  |      16 |     -11 |  11|      89 |    3916 |
| 1244  |  0  |      16 |      89 |  12|      89 |    3916 |
| 1245  |  0  |      17 |      89 |  13|      89 |    3916 |
| 1246  |  0  |      17 |      89 |  14|      89 |    4005 |
| 1247  |  0  |      16 |      89 |  15|      89 |    4005 |
| 1248  |  0  |      16 |      89 |  16|      90 |    4005 |
| 1249  |  0  |       4 |      89 |  17|      90 |    4005 |
| 1250  |  0  |       4 |      89 |   4|      90 |    4005 |
| 1251  |  0  |      16 |      89 |   5|      90 |    4005 |
| 1252  |  0  |      16 |      90 |   6|      90 |    4005 |
| 1253  |  0  |     100 |      90 |   7|      90 |    4005 |
| 1254  |  0  |     100 |     -10 |   8|      90 |    4005 |
| 1255  |  0  |      18 |     -10 |   9|      90 |    4005 |
| 1256  |  0  |      18 |     -10 |  10|      90 |    4005 |
| 1257  |  0  |      16 |     -10 |  11|      90 |    4005 |
| 1258  |  0  |      16 |      90 |  12|      90 |    4005 |
| 1259  |  0  |      17 |      90 |  13|      90 |    4005 |
| 1260  |  0  |      17 |      90 |  14|      90 |    4095 |
| 1261  |  0  |      16 |      90 |  15|      90 |    4095 |
| 1262  |  0  |      16 |      90 |  16|      91 |    4095 |
| 1263  |  0  |       4 |      90 |  17|      91 |    4095 |
| 1264  |  0  |       4 |      90 |   4|      91 |    4095 |
| 1265  |  0  |      16 |      90 |   5|      91 |    4095 |
| 1266  |  0  |      16 |      91 |   6|      91 |    4095 |
| 1267  |  0  |     100 |      91 |   7|      91 |    4095 |
| 1268  |  0  |     100 |      -9 |   8|      91 |    4095 |
| 1269  |  0  |      18 |      -9 |   9|      91 |    4095 |
| 1270  |  0  |      18 |      -9 |  10|      91 |    4095 |
| 1271  |  0  |      16 |      -9 |  11|      91 |    4095 |
| 1272  |  0  |      16 |      91 |  12|      91 |    4095 |
| 1273  |  0  |      17 |      91 |  13|      91 |    4095 |
| 1274  |  0  |      17 |      91 |  14|      91 |    4186 |
| 1275  |  0  |      16 |      91 |  15|      91 |    4186 |
| 1276  |  0  |      16 |      91 |  16|      92 |    4186 |
| 1277  |  0  |       4 |      91 |  17|      92 |    4186 |
| 1278  |  0  |       4 |      91 |   4|      92 |    4186 |
| 1279  |  0  |      16 |      91 |   5|      92 |    4186 |
| 1280  |  0  |      16 |      92 |   6|      92 |    4186 |
| 1281  |  0  |     100 |      92 |   7|      92 |    4186 |
| 1282  |  0  |     100 |      -8 |   8|      92 |    4186 |
| 1283  |  0  |      18 |      -8 |   9|      92 |    4186 |
| 1284  |  0  |      18 |      -8 |  10|      92 |    4186 |
| 1285  |  0  |      16 |      -8 |  11|      92 |    4186 |
| 1286  |  0  |      16 |      92 |  12|      92 |    4186 |
| 1287  |  0  |      17 |      92 |  13|      92 |    4186 |
| 1288  |  0  |      17 |      92 |  14|      92 |    4278 |
| 1289  |  0  |      16 |      92 |  15|      92 |    4278 |
| 1290  |  0  |      16 |      92 |  16|      93 |    4278 |
| 1291  |  0  |       4 |      92 |  17|      93 |    4278 |
| 1292  |  0  |       4 |      92 |   4|      93 |    4278 |
| 1293  |  0  |      16 |      92 |   5|      93 |    4278 |
| 1294  |  0  |      16 |      93 |   6|      93 |    4278 |
| 1295  |  0  |     100 |      93 |   7|      93 |    4278 |
| 1296  |  0  |     100 |      -7 |   8|      93 |    4278 |
| 1297  |  0  |      18 |      -7 |   9|      93 |    4278 |
| 1298  |  0  |      18 |      -7 |  10|      93 |    4278 |
| 1299  |  0  |      16 |      -7 |  11|      93 |    4278 |
| 1300  |  0  |      16 |      93 |  12|      93 |    4278 |
| 1301  |  0  |      17 |      93 |  13|      93 |    4278 |
| 1302  |  0  |      17 |      93 |  14|      93 |    4371 |
| 1303  |  0  |      16 |      93 |  15|      93 |    4371 |
| 1304  |  0  |      16 |      93 |  16|      94 |    4371 |
| 1305  |  0  |       4 |      93 |  17|      94 |    4371 |
| 1306  |  0  |       4 |      93 |   4|      94 |    4371 |
| 1307  |  0  |      16 |      93 |   5|      94 |    4371 |
| 1308  |  0  |      16 |      94 |   6|      94 |    4371 |
| 1309  |  0  |     100 |      94 |   7|      94 |    4371 |
| 1310  |  0  |     100 |      -6 |   8|      94 |    4371 |
| 1311  |  0  |      18 |      -6 |   9|      94 |    4371 |
| 1312  |  0  |      18 |      -6 |  10|      94 |    4371 |
| 1313  |  0  |      16 |      -6 |  11|      94 |    4371 |
| 1314  |  0  |      16 |      94 |  12|      94 |    4371 |
| 1315  |  0  |      17 |      94 |  13|      94 |    4371 |
| 1316  |  0  |      17 |      94 |  14|      94 |    4465 |
| 1317  |  0  |      16 |      94 |  15|      94 |    4465 |
| 1318  |  0  |      16 |      94 |  16|      95 |    4465 |
| 1319  |  0  |       4 |      94 |  17|      95 |    4465 |
| 1320  |  0  |       4 |      94 |   4|      95 |    4465 |
| 1321  |  0  |      16 |      94 |   5|      95 |    4465 |
| 1322  |  0  |      16 |      95 |   6|      95 |    4465 |
| 1323  |  0  |     100 |      95 |   7|      95 |    4465 |
| 1324  |  0  |     100 |      -5 |   8|      95 |    4465 |
| 1325  |  0  |      18 |      -5 |   9|      95 |    4465 |
| 1326  |  0  |      18 |      -5 |  10|      95 |    4465 |
| 1327  |  0  |      16 |      -5 |  11|      95 |    4465 |
| 1328  |  0  |      16 |      95 |  12|      95 |    4465 |
| 1329  |  0  |      17 |      95 |  13|      95 |    4465 |
| 1330  |  0  |      17 |      95 |  14|      95 |    4560 |
| 1331  |  0  |      16 |      95 |  15|      95 |    4560 |
| 1332  |  0  |      16 |      95 |  16|      96 |    4560 |
| 1333  |  0  |       4 |      95 |  17|      96 |    4560 |
| 1334  |  0  |       4 |      95 |   4|      96 |    4560 |
| 1335  |  0  |      16 |      95 |   5|      96 |    4560 |
| 1336  |  0  |      16 |      96 |   6|      96 |    4560 |
| 1337  |  0  |     100 |      96 |   7|      96 |    4560 |
| 1338  |  0  |     100 |      -4 |   8|      96 |    4560 |
| 1339  |  0  |      18 |      -4 |   9|      96 |    4560 |
| 1340  |  0  |      18 |      -4 |  10|      96 |    4560 |
| 1341  |  0  |      16 |      -4 |  11|      96 |    4560 |
| 1342  |  0  |      16 |      96 |  12|      96 |    4560 |
| 1343  |  0  |      17 |      96 |  13|      96 |    4560 |
| 1344  |  0  |      17 |      96 |  14|      96 |    4656 |
| 1345  |  0  |      16 |      96 |  15|      96 |    4656 |
| 1346  |  0  |      16 |      96 |  16|      97 |    4656 |
| 1347  |  0  |       4 |      96 |  17|      97 |    4656 |
| 1348  |  0  |       4 |      96 |   4|      97 |    4656 |
| 1349  |  0  |      16 |      96 |   5|      97 |    4656 |
| 1350  |  0  |      16 |      97 |   6|      97 |    4656 |
| 1351  |  0  |     100 |      97 |   7|      97 |    4656 |
| 1352  |  0  |     100 |      -3 |   8|      97 |    4656 |
| 1353  |  0  |      18 |      -3 |   9|      97 |    4656 |
| 1354  |  0  |      18 |      -3 |  10|      97 |    4656 |
| 1355  |  0  |      16 |      -3 |  11|      97 |    4656 |
| 1356  |  0  |      16 |      97 |  12|      97 |    4656 |
| 1357  |  0  |      17 |      97 |  13|      97 |    4656 |
| 1358  |  0  |      17 |      97 |  14|      97 |    4753 |
| 1359  |  0  |      16 |      97 |  15|      97 |    4753 |
| 1360  |  0  |      16 |      97 |  16|      98 |    4753 |
| 1361  |  0  |       4 |      97 |  17|      98 |    4753 |
| 1362  |  0  |       4 |      97 |   4|      98 |    4753 |
| 1363  |  0  |      16 |      97 |   5|      98 |    4753 |
| 1364  |  0  |      16 |      98 |   6|      98 |    4753 |
| 1365  |  0  |     100 |      98 |   7|      98 |    4753 |
| 1366  |  0  |     100 |      -2 |   8|      98 |    4753 |
| 1367  |  0  |      18 |      -2 |   9|      98 |    4753 |
| 1368  |  0  |      18 |      -2 |  10|      98 |    4753 |
| 1369  |  0  |      16 |      -2 |  11|      98 |    4753 |
| 1370  |  0  |      16 |      98 |  12|      98 |    4753 |
| 1371  |  0  |      17 |      98 |  13|      98 |    4753 |
| 1372  |  0  |      17 |      98 |  14|      98 |    4851 |
| 1373  |  0  |      16 |      98 |  15|      98 |    4851 |
| 1374  |  0  |      16 |      98 |  16|      99 |    4851 |
| 1375  |  0  |       4 |      98 |  17|      99 |    4851 |
| 1376  |  0  |       4 |      98 |   4|      99 |    4851 |
| 1377  |  0  |      16 |      98 |   5|      99 |    4851 |
| 1378  |  0  |      16 |      99 |   6|      99 |    4851 |
| 1379  |  0  |     100 |      99 |   7|      99 |    4851 |
| 1380  |  0  |     100 |      -1 |   8|      99 |    4851 |
| 1381  |  0  |      18 |      -1 |   9|      99 |    4851 |
| 1382  |  0  |      18 |      -1 |  10|      99 |    4851 |
| 1383  |  0  |      16 |      -1 |  11|      99 |    4851 |
| 1384  |  0  |      16 |      99 |  12|      99 |    4851 |
| 1385  |  0  |      17 |      99 |  13|      99 |    4851 |
| 1386  |  0  |      17 |      99 |  14|      99 |    4950 |
| 1387  |  0  |      16 |      99 |  15|      99 |    4950 |
| 1388  |  0  |      16 |      99 |  16|     100 |    4950 |
| 1389  |  0  |       4 |      99 |  17|     100 |    4950 |
| 1390  |  0  |       4 |      99 |   4|     100 |    4950 |
| 1391  |  0  |      16 |      99 |   5|     100 |    4950 |
| 1392  |  0  |      16 |     100 |   6|     100 |    4950 |
| 1393  |  0  |     100 |     100 |   7|     100 |    4950 |
| 1394  |  0  |     100 |       0 |   8|     100 |    4950 |
| 1395  |  0  |      18 |       0 |   9|     100 |    4950 |
| 1396  |  0  |      18 |       0 |  10|     100 |    4950 |
| 1397  |  0  |      16 |       0 |  11|     100 |    4950 |
| 1398  |  0  |      16 |     100 |  12|     100 |    4950 |
| 1399  |  0  |      17 |     100 |  13|     100 |    4950 |
| 1400  |  0  |      17 |     100 |  14|     100 |    5050 |
